1 Receptionists | 1 Nurses
===========================================================
Nurses spent 65.04034281503996 seconds free.
Receptionists spent 21.446018933918754 seconds free.
468 patients reneged during their visit.
1609 patients balked from the check in queue.
257 patients were successfully vaccinated.
11.0 percent of patients were successfully vaccinated with 1 receptionists and 1 nurses working.


1 Receptionists | 2 Nurses
===========================================================
Nurses spent 482.8777260077649 seconds free.
Receptionists spent 22.008220531928785 seconds free.
197 patients reneged during their visit.
1585 patients balked from the check in queue.
529 patients were successfully vaccinated.
22.9 percent of patients were successfully vaccinated with 1 receptionists and 2 nurses working.


1 Receptionists | 3 Nurses
===========================================================
Nurses spent 112665.46158015642 seconds free.
Receptionists spent 15.02075777429367 seconds free.
0 patients reneged during their visit.
1582 patients balked from the check in queue.
710 patients were successfully vaccinated.
31.0 percent of patients were successfully vaccinated with 1 receptionists and 3 nurses working.


1 Receptionists | 4 Nurses
===========================================================
Nurses spent 878263.4883269445 seconds free.
Receptionists spent 24.608701105068867 seconds free.
0 patients reneged during their visit.
1548 patients balked from the check in queue.
727 patients were successfully vaccinated.
32.0 percent of patients were successfully vaccinated with 1 receptionists and 4 nurses working.


1 Receptionists | 5 Nurses
===========================================================
Nurses spent 1555300.2570338056 seconds free.
Receptionists spent 23.145657581934053 seconds free.
0 patients reneged during their visit.
1585 patients balked from the check in queue.
720 patients were successfully vaccinated.
31.2 percent of patients were successfully vaccinated with 1 receptionists and 5 nurses working.


1 Receptionists | 6 Nurses
===========================================================
Nurses spent 2245928.4910358884 seconds free.
Receptionists spent 20.439329142241625 seconds free.
0 patients reneged during their visit.
1596 patients balked from the check in queue.
711 patients were successfully vaccinated.
30.8 percent of patients were successfully vaccinated with 1 receptionists and 6 nurses working.


1 Receptionists | 7 Nurses
===========================================================
Nurses spent 2870410.4682847844 seconds free.
Receptionists spent 18.49977841895123 seconds free.
0 patients reneged during their visit.
1557 patients balked from the check in queue.
737 patients were successfully vaccinated.
32.1 percent of patients were successfully vaccinated with 1 receptionists and 7 nurses working.


1 Receptionists | 8 Nurses
===========================================================
Nurses spent 3583384.192433933 seconds free.
Receptionists spent 14.554472115277667 seconds free.
0 patients reneged during their visit.
1618 patients balked from the check in queue.
724 patients were successfully vaccinated.
30.9 percent of patients were successfully vaccinated with 1 receptionists and 8 nurses working.


1 Receptionists | 9 Nurses
===========================================================
Nurses spent 4215786.407135331 seconds free.
Receptionists spent 10.896895074023973 seconds free.
0 patients reneged during their visit.
1583 patients balked from the check in queue.
735 patients were successfully vaccinated.
31.7 percent of patients were successfully vaccinated with 1 receptionists and 9 nurses working.


1 Receptionists | 10 Nurses
===========================================================
Nurses spent 4832160.977065688 seconds free.
Receptionists spent 23.85222165753639 seconds free.
0 patients reneged during their visit.
1587 patients balked from the check in queue.
726 patients were successfully vaccinated.
31.4 percent of patients were successfully vaccinated with 1 receptionists and 10 nurses working.


2 Receptionists | 1 Nurses
===========================================================
Nurses spent 90.05860510496211 seconds free.
Receptionists spent 1603.8652035183018 seconds free.
1157 patients reneged during their visit.
903 patients balked from the check in queue.
262 patients were successfully vaccinated.
11.3 percent of patients were successfully vaccinated with 2 receptionists and 1 nurses working.


2 Receptionists | 2 Nurses
===========================================================
Nurses spent 227.07413640741902 seconds free.
Receptionists spent 1214.9481703466047 seconds free.
919 patients reneged during their visit.
913 patients balked from the check in queue.
523 patients were successfully vaccinated.
22.2 percent of patients were successfully vaccinated with 2 receptionists and 2 nurses working.


2 Receptionists | 3 Nurses
===========================================================
Nurses spent 525.9026107337744 seconds free.
Receptionists spent 2046.0190673145007 seconds free.
648 patients reneged during their visit.
913 patients balked from the check in queue.
780 patients were successfully vaccinated.
33.3 percent of patients were successfully vaccinated with 2 receptionists and 3 nurses working.


2 Receptionists | 4 Nurses
===========================================================
Nurses spent 983.512964992719 seconds free.
Receptionists spent 1942.2712133103541 seconds free.
327 patients reneged during their visit.
902 patients balked from the check in queue.
1058 patients were successfully vaccinated.
46.3 percent of patients were successfully vaccinated with 2 receptionists and 4 nurses working.


2 Receptionists | 5 Nurses
===========================================================
Nurses spent 873.9189363345047 seconds free.
Receptionists spent 2195.6331143172606 seconds free.
121 patients reneged during their visit.
877 patients balked from the check in queue.
1307 patients were successfully vaccinated.
56.7 percent of patients were successfully vaccinated with 2 receptionists and 5 nurses working.


2 Receptionists | 6 Nurses
===========================================================
Nurses spent 107738.3608837464 seconds free.
Receptionists spent 2838.646915145824 seconds free.
0 patients reneged during their visit.
888 patients balked from the check in queue.
1430 patients were successfully vaccinated.
61.7 percent of patients were successfully vaccinated with 2 receptionists and 6 nurses working.


2 Receptionists | 7 Nurses
===========================================================
Nurses spent 729901.1535572874 seconds free.
Receptionists spent 2401.0764131098204 seconds free.
0 patients reneged during their visit.
895 patients balked from the check in queue.
1414 patients were successfully vaccinated.
61.2 percent of patients were successfully vaccinated with 2 receptionists and 7 nurses working.


2 Receptionists | 8 Nurses
===========================================================
Nurses spent 1254479.2325769947 seconds free.
Receptionists spent 3318.027109406177 seconds free.
0 patients reneged during their visit.
883 patients balked from the check in queue.
1396 patients were successfully vaccinated.
61.3 percent of patients were successfully vaccinated with 2 receptionists and 8 nurses working.


2 Receptionists | 9 Nurses
===========================================================
Nurses spent 1784586.7908534354 seconds free.
Receptionists spent 2241.236995049374 seconds free.
0 patients reneged during their visit.
901 patients balked from the check in queue.
1392 patients were successfully vaccinated.
60.7 percent of patients were successfully vaccinated with 2 receptionists and 9 nurses working.


2 Receptionists | 10 Nurses
===========================================================
Nurses spent 2090675.930468555 seconds free.
Receptionists spent 2991.080253480521 seconds free.
0 patients reneged during their visit.
864 patients balked from the check in queue.
1420 patients were successfully vaccinated.
62.2 percent of patients were successfully vaccinated with 2 receptionists and 10 nurses working.


3 Receptionists | 1 Nurses
===========================================================
Nurses spent 19.71190252457605 seconds free.
Receptionists spent 26063.272557489923 seconds free.
1596 patients reneged during their visit.
422 patients balked from the check in queue.
256 patients were successfully vaccinated.
11.3 percent of patients were successfully vaccinated with 3 receptionists and 1 nurses working.


3 Receptionists | 2 Nurses
===========================================================
Nurses spent 198.1632012747914 seconds free.
Receptionists spent 25700.552888487953 seconds free.
1357 patients reneged during their visit.
414 patients balked from the check in queue.
519 patients were successfully vaccinated.
22.7 percent of patients were successfully vaccinated with 3 receptionists and 2 nurses working.


3 Receptionists | 3 Nurses
===========================================================
Nurses spent 458.87985932581455 seconds free.
Receptionists spent 27088.14204962502 seconds free.
1085 patients reneged during their visit.
416 patients balked from the check in queue.
797 patients were successfully vaccinated.
34.7 percent of patients were successfully vaccinated with 3 receptionists and 3 nurses working.


3 Receptionists | 4 Nurses
===========================================================
Nurses spent 707.9896563688654 seconds free.
Receptionists spent 28370.201727305375 seconds free.
823 patients reneged during their visit.
398 patients balked from the check in queue.
1055 patients were successfully vaccinated.
46.4 percent of patients were successfully vaccinated with 3 receptionists and 4 nurses working.


3 Receptionists | 5 Nurses
===========================================================
Nurses spent 1182.7812244218685 seconds free.
Receptionists spent 23498.583205776213 seconds free.
613 patients reneged during their visit.
408 patients balked from the check in queue.
1304 patients were successfully vaccinated.
56.1 percent of patients were successfully vaccinated with 3 receptionists and 5 nurses working.


3 Receptionists | 6 Nurses
===========================================================
Nurses spent 2110.035049306242 seconds free.
Receptionists spent 24941.362795726127 seconds free.
329 patients reneged during their visit.
386 patients balked from the check in queue.
1567 patients were successfully vaccinated.
68.7 percent of patients were successfully vaccinated with 3 receptionists and 6 nurses working.


3 Receptionists | 7 Nurses
===========================================================
Nurses spent 2321.2203368974124 seconds free.
Receptionists spent 24134.665669578302 seconds free.
124 patients reneged during their visit.
416 patients balked from the check in queue.
1783 patients were successfully vaccinated.
76.8 percent of patients were successfully vaccinated with 3 receptionists and 7 nurses working.


3 Receptionists | 8 Nurses
===========================================================
Nurses spent 64446.458056119234 seconds free.
Receptionists spent 25090.605885896137 seconds free.
10 patients reneged during their visit.
442 patients balked from the check in queue.
1861 patients were successfully vaccinated.
80.5 percent of patients were successfully vaccinated with 3 receptionists and 8 nurses working.


3 Receptionists | 9 Nurses
===========================================================
Nurses spent 219754.13500950544 seconds free.
Receptionists spent 26018.113220140924 seconds free.
0 patients reneged during their visit.
405 patients balked from the check in queue.
1905 patients were successfully vaccinated.
82.5 percent of patients were successfully vaccinated with 3 receptionists and 9 nurses working.


3 Receptionists | 10 Nurses
===========================================================
Nurses spent 739732.8842834643 seconds free.
Receptionists spent 22650.61697407935 seconds free.
0 patients reneged during their visit.
478 patients balked from the check in queue.
1856 patients were successfully vaccinated.
79.5 percent of patients were successfully vaccinated with 3 receptionists and 10 nurses working.


4 Receptionists | 1 Nurses
===========================================================
Nurses spent 44.69238478538137 seconds free.
Receptionists spent 58991.72166424614 seconds free.
1895 patients reneged during their visit.
162 patients balked from the check in queue.
257 patients were successfully vaccinated.
11.1 percent of patients were successfully vaccinated with 4 receptionists and 1 nurses working.


4 Receptionists | 2 Nurses
===========================================================
Nurses spent 206.04720607460055 seconds free.
Receptionists spent 61073.7422245876 seconds free.
1630 patients reneged during their visit.
159 patients balked from the check in queue.
526 patients were successfully vaccinated.
22.7 percent of patients were successfully vaccinated with 4 receptionists and 2 nurses working.


4 Receptionists | 3 Nurses
===========================================================
Nurses spent 450.43748699862317 seconds free.
Receptionists spent 57855.24788078287 seconds free.
1340 patients reneged during their visit.
208 patients balked from the check in queue.
788 patients were successfully vaccinated.
33.7 percent of patients were successfully vaccinated with 4 receptionists and 3 nurses working.


4 Receptionists | 4 Nurses
===========================================================
Nurses spent 514.0621417941171 seconds free.
Receptionists spent 63279.792676378405 seconds free.
1093 patients reneged during their visit.
157 patients balked from the check in queue.
1043 patients were successfully vaccinated.
45.5 percent of patients were successfully vaccinated with 4 receptionists and 4 nurses working.


4 Receptionists | 5 Nurses
===========================================================
Nurses spent 1264.5035801954261 seconds free.
Receptionists spent 55639.10975432318 seconds free.
855 patients reneged during their visit.
181 patients balked from the check in queue.
1320 patients were successfully vaccinated.
56.0 percent of patients were successfully vaccinated with 4 receptionists and 5 nurses working.


4 Receptionists | 6 Nurses
===========================================================
Nurses spent 1434.6399698395023 seconds free.
Receptionists spent 61372.692875088316 seconds free.
563 patients reneged during their visit.
143 patients balked from the check in queue.
1570 patients were successfully vaccinated.
69.0 percent of patients were successfully vaccinated with 4 receptionists and 6 nurses working.


4 Receptionists | 7 Nurses
===========================================================
Nurses spent 2238.989299030937 seconds free.
Receptionists spent 58622.2254134457 seconds free.
355 patients reneged during their visit.
185 patients balked from the check in queue.
1771 patients were successfully vaccinated.
76.6 percent of patients were successfully vaccinated with 4 receptionists and 7 nurses working.


4 Receptionists | 8 Nurses
===========================================================
Nurses spent 26602.85006703921 seconds free.
Receptionists spent 60126.260021849856 seconds free.
191 patients reneged during their visit.
166 patients balked from the check in queue.
1960 patients were successfully vaccinated.
84.6 percent of patients were successfully vaccinated with 4 receptionists and 8 nurses working.


4 Receptionists | 9 Nurses
===========================================================
Nurses spent 112105.54532549257 seconds free.
Receptionists spent 56267.81760323706 seconds free.
74 patients reneged during their visit.
191 patients balked from the check in queue.
2099 patients were successfully vaccinated.
88.8 percent of patients were successfully vaccinated with 4 receptionists and 9 nurses working.


4 Receptionists | 10 Nurses
===========================================================
Nurses spent 207514.93731957115 seconds free.
Receptionists spent 62323.87247430666 seconds free.
0 patients reneged during their visit.
165 patients balked from the check in queue.
2124 patients were successfully vaccinated.
92.8 percent of patients were successfully vaccinated with 4 receptionists and 10 nurses working.


5 Receptionists | 1 Nurses
===========================================================
Nurses spent 49.65756468263733 seconds free.
Receptionists spent 106230.93295115157 seconds free.
1954 patients reneged during their visit.
99 patients balked from the check in queue.
253 patients were successfully vaccinated.
11.0 percent of patients were successfully vaccinated with 5 receptionists and 1 nurses working.


5 Receptionists | 2 Nurses
===========================================================
Nurses spent 75.36489659007776 seconds free.
Receptionists spent 107645.36915640523 seconds free.
1663 patients reneged during their visit.
95 patients balked from the check in queue.
527 patients were successfully vaccinated.
23.1 percent of patients were successfully vaccinated with 5 receptionists and 2 nurses working.


5 Receptionists | 3 Nurses
===========================================================
Nurses spent 332.92006895880775 seconds free.
Receptionists spent 105416.715772086 seconds free.
1436 patients reneged during their visit.
99 patients balked from the check in queue.
776 patients were successfully vaccinated.
33.6 percent of patients were successfully vaccinated with 5 receptionists and 3 nurses working.


5 Receptionists | 4 Nurses
===========================================================
Nurses spent 637.0587259723316 seconds free.
Receptionists spent 105493.77442515492 seconds free.
1169 patients reneged during their visit.
103 patients balked from the check in queue.
1031 patients were successfully vaccinated.
44.8 percent of patients were successfully vaccinated with 5 receptionists and 4 nurses working.


5 Receptionists | 5 Nurses
===========================================================
Nurses spent 789.757241439685 seconds free.
Receptionists spent 102101.14878202302 seconds free.
955 patients reneged during their visit.
109 patients balked from the check in queue.
1296 patients were successfully vaccinated.
54.9 percent of patients were successfully vaccinated with 5 receptionists and 5 nurses working.


5 Receptionists | 6 Nurses
===========================================================
Nurses spent 1688.71619045719 seconds free.
Receptionists spent 107670.05921687416 seconds free.
595 patients reneged during their visit.
83 patients balked from the check in queue.
1591 patients were successfully vaccinated.
70.1 percent of patients were successfully vaccinated with 5 receptionists and 6 nurses working.


5 Receptionists | 7 Nurses
===========================================================
Nurses spent 1834.389077659952 seconds free.
Receptionists spent 104163.86656824008 seconds free.
413 patients reneged during their visit.
102 patients balked from the check in queue.
1812 patients were successfully vaccinated.
77.9 percent of patients were successfully vaccinated with 5 receptionists and 7 nurses working.


5 Receptionists | 8 Nurses
===========================================================
Nurses spent 26090.951836814867 seconds free.
Receptionists spent 104254.1987518727 seconds free.
261 patients reneged during their visit.
109 patients balked from the check in queue.
1977 patients were successfully vaccinated.
84.2 percent of patients were successfully vaccinated with 5 receptionists and 8 nurses working.


5 Receptionists | 9 Nurses
===========================================================
Nurses spent 97767.40210049361 seconds free.
Receptionists spent 104543.23704884094 seconds free.
155 patients reneged during their visit.
101 patients balked from the check in queue.
2066 patients were successfully vaccinated.
89.0 percent of patients were successfully vaccinated with 5 receptionists and 9 nurses working.


5 Receptionists | 10 Nurses
===========================================================
Nurses spent 167302.2292898996 seconds free.
Receptionists spent 106407.71799161515 seconds free.
14 patients reneged during their visit.
94 patients balked from the check in queue.
2198 patients were successfully vaccinated.
95.3 percent of patients were successfully vaccinated with 5 receptionists and 10 nurses working.


6 Receptionists | 1 Nurses
===========================================================
Nurses spent 55.062456197234035 seconds free.
Receptionists spent 152785.7576552286 seconds free.
1929 patients reneged during their visit.
74 patients balked from the check in queue.
262 patients were successfully vaccinated.
11.6 percent of patients were successfully vaccinated with 6 receptionists and 1 nurses working.


6 Receptionists | 2 Nurses
===========================================================
Nurses spent 259.0213733397292 seconds free.
Receptionists spent 150987.23892550892 seconds free.
1695 patients reneged during their visit.
95 patients balked from the check in queue.
514 patients were successfully vaccinated.
22.3 percent of patients were successfully vaccinated with 6 receptionists and 2 nurses working.


6 Receptionists | 3 Nurses
===========================================================
Nurses spent 425.4821962719416 seconds free.
Receptionists spent 151063.6901401047 seconds free.
1446 patients reneged during their visit.
102 patients balked from the check in queue.
762 patients were successfully vaccinated.
33.0 percent of patients were successfully vaccinated with 6 receptionists and 3 nurses working.


6 Receptionists | 4 Nurses
===========================================================
Nurses spent 417.93209275224035 seconds free.
Receptionists spent 148653.21628565743 seconds free.
1175 patients reneged during their visit.
87 patients balked from the check in queue.
1031 patients were successfully vaccinated.
45.0 percent of patients were successfully vaccinated with 6 receptionists and 4 nurses working.


6 Receptionists | 5 Nurses
===========================================================
Nurses spent 1066.7603680412774 seconds free.
Receptionists spent 146632.65357966744 seconds free.
893 patients reneged during their visit.
100 patients balked from the check in queue.
1308 patients were successfully vaccinated.
56.8 percent of patients were successfully vaccinated with 6 receptionists and 5 nurses working.


6 Receptionists | 6 Nurses
===========================================================
Nurses spent 1667.7168879808683 seconds free.
Receptionists spent 150370.88303534815 seconds free.
685 patients reneged during their visit.
91 patients balked from the check in queue.
1543 patients were successfully vaccinated.
66.5 percent of patients were successfully vaccinated with 6 receptionists and 6 nurses working.


6 Receptionists | 7 Nurses
===========================================================
Nurses spent 2300.551611605887 seconds free.
Receptionists spent 151596.0341929877 seconds free.
423 patients reneged during their visit.
70 patients balked from the check in queue.
1788 patients were successfully vaccinated.
78.4 percent of patients were successfully vaccinated with 6 receptionists and 7 nurses working.


6 Receptionists | 8 Nurses
===========================================================
Nurses spent 26014.330073301157 seconds free.
Receptionists spent 146934.49558170963 seconds free.
273 patients reneged during their visit.
89 patients balked from the check in queue.
1972 patients were successfully vaccinated.
84.5 percent of patients were successfully vaccinated with 6 receptionists and 8 nurses working.


6 Receptionists | 9 Nurses
===========================================================
Nurses spent 96374.6686013832 seconds free.
Receptionists spent 151759.7341133532 seconds free.
153 patients reneged during their visit.
85 patients balked from the check in queue.
2046 patients were successfully vaccinated.
89.6 percent of patients were successfully vaccinated with 6 receptionists and 9 nurses working.


6 Receptionists | 10 Nurses
===========================================================
Nurses spent 165006.52918149298 seconds free.
Receptionists spent 148536.3286446953 seconds free.
53 patients reneged during their visit.
72 patients balked from the check in queue.
2184 patients were successfully vaccinated.
94.6 percent of patients were successfully vaccinated with 6 receptionists and 10 nurses working.


7 Receptionists | 1 Nurses
===========================================================
Nurses spent 34.161664722587034 seconds free.
Receptionists spent 192403.89757643995 seconds free.
1955 patients reneged during their visit.
86 patients balked from the check in queue.
265 patients were successfully vaccinated.
11.5 percent of patients were successfully vaccinated with 7 receptionists and 1 nurses working.


7 Receptionists | 2 Nurses
===========================================================
Nurses spent 102.40222235707132 seconds free.
Receptionists spent 191175.30457022274 seconds free.
1712 patients reneged during their visit.
90 patients balked from the check in queue.
511 patients were successfully vaccinated.
22.1 percent of patients were successfully vaccinated with 7 receptionists and 2 nurses working.


7 Receptionists | 3 Nurses
===========================================================
Nurses spent 269.3996693510001 seconds free.
Receptionists spent 192616.69640720173 seconds free.
1416 patients reneged during their visit.
92 patients balked from the check in queue.
776 patients were successfully vaccinated.
34.0 percent of patients were successfully vaccinated with 7 receptionists and 3 nurses working.


7 Receptionists | 4 Nurses
===========================================================
Nurses spent 835.6943762586452 seconds free.
Receptionists spent 191642.55423869492 seconds free.
1171 patients reneged during their visit.
79 patients balked from the check in queue.
1046 patients were successfully vaccinated.
45.6 percent of patients were successfully vaccinated with 7 receptionists and 4 nurses working.


7 Receptionists | 5 Nurses
===========================================================
Nurses spent 775.950429017752 seconds free.
Receptionists spent 193999.52158851412 seconds free.
881 patients reneged during their visit.
93 patients balked from the check in queue.
1301 patients were successfully vaccinated.
57.2 percent of patients were successfully vaccinated with 7 receptionists and 5 nurses working.


7 Receptionists | 6 Nurses
===========================================================
Nurses spent 1451.6108549316389 seconds free.
Receptionists spent 190280.93883968476 seconds free.
701 patients reneged during their visit.
100 patients balked from the check in queue.
1550 patients were successfully vaccinated.
65.9 percent of patients were successfully vaccinated with 7 receptionists and 6 nurses working.


7 Receptionists | 7 Nurses
===========================================================
Nurses spent 1640.7376040924262 seconds free.
Receptionists spent 188801.54847455808 seconds free.
446 patients reneged during their visit.
80 patients balked from the check in queue.
1801 patients were successfully vaccinated.
77.4 percent of patients were successfully vaccinated with 7 receptionists and 7 nurses working.


7 Receptionists | 8 Nurses
===========================================================
Nurses spent 36450.75398510367 seconds free.
Receptionists spent 190844.78243632833 seconds free.
274 patients reneged during their visit.
96 patients balked from the check in queue.
1961 patients were successfully vaccinated.
84.1 percent of patients were successfully vaccinated with 7 receptionists and 8 nurses working.


7 Receptionists | 9 Nurses
===========================================================
Nurses spent 112504.78784740232 seconds free.
Receptionists spent 188893.6315913215 seconds free.
166 patients reneged during their visit.
92 patients balked from the check in queue.
2074 patients were successfully vaccinated.
88.9 percent of patients were successfully vaccinated with 7 receptionists and 9 nurses working.


7 Receptionists | 10 Nurses
===========================================================
Nurses spent 169228.18332462688 seconds free.
Receptionists spent 193936.16032950542 seconds free.
37 patients reneged during their visit.
79 patients balked from the check in queue.
2155 patients were successfully vaccinated.
94.9 percent of patients were successfully vaccinated with 7 receptionists and 10 nurses working.


8 Receptionists | 1 Nurses
===========================================================
Nurses spent 34.131026422358254 seconds free.
Receptionists spent 230776.90249309817 seconds free.
1967 patients reneged during their visit.
98 patients balked from the check in queue.
262 patients were successfully vaccinated.
11.3 percent of patients were successfully vaccinated with 8 receptionists and 1 nurses working.


8 Receptionists | 2 Nurses
===========================================================
Nurses spent 230.7523529963239 seconds free.
Receptionists spent 236169.6000829105 seconds free.
1668 patients reneged during their visit.
66 patients balked from the check in queue.
522 patients were successfully vaccinated.
23.1 percent of patients were successfully vaccinated with 8 receptionists and 2 nurses working.


8 Receptionists | 3 Nurses
===========================================================
Nurses spent 343.39555769450163 seconds free.
Receptionists spent 233444.93353702597 seconds free.
1438 patients reneged during their visit.
88 patients balked from the check in queue.
783 patients were successfully vaccinated.
33.9 percent of patients were successfully vaccinated with 8 receptionists and 3 nurses working.


8 Receptionists | 4 Nurses
===========================================================
Nurses spent 592.6773082027521 seconds free.
Receptionists spent 234101.3056514628 seconds free.
1176 patients reneged during their visit.
88 patients balked from the check in queue.
1033 patients were successfully vaccinated.
45.0 percent of patients were successfully vaccinated with 8 receptionists and 4 nurses working.


8 Receptionists | 5 Nurses
===========================================================
Nurses spent 1132.8249226570204 seconds free.
Receptionists spent 236877.2051704208 seconds free.
922 patients reneged during their visit.
81 patients balked from the check in queue.
1295 patients were successfully vaccinated.
56.4 percent of patients were successfully vaccinated with 8 receptionists and 5 nurses working.


8 Receptionists | 6 Nurses
===========================================================
Nurses spent 1688.2786668012589 seconds free.
Receptionists spent 235071.03263849532 seconds free.
682 patients reneged during their visit.
84 patients balked from the check in queue.
1542 patients were successfully vaccinated.
66.8 percent of patients were successfully vaccinated with 8 receptionists and 6 nurses working.


8 Receptionists | 7 Nurses
===========================================================
Nurses spent 2555.793372872249 seconds free.
Receptionists spent 233832.79913232021 seconds free.
417 patients reneged during their visit.
95 patients balked from the check in queue.
1811 patients were successfully vaccinated.
78.0 percent of patients were successfully vaccinated with 8 receptionists and 7 nurses working.


8 Receptionists | 8 Nurses
===========================================================
Nurses spent 44693.47902837494 seconds free.
Receptionists spent 234269.00603063634 seconds free.
270 patients reneged during their visit.
84 patients balked from the check in queue.
1956 patients were successfully vaccinated.
84.7 percent of patients were successfully vaccinated with 8 receptionists and 8 nurses working.


8 Receptionists | 9 Nurses
===========================================================
Nurses spent 92573.32265552686 seconds free.
Receptionists spent 233095.15845398133 seconds free.
178 patients reneged during their visit.
99 patients balked from the check in queue.
2071 patients were successfully vaccinated.
88.2 percent of patients were successfully vaccinated with 8 receptionists and 9 nurses working.


8 Receptionists | 10 Nurses
===========================================================
Nurses spent 175662.1172622731 seconds free.
Receptionists spent 231623.389124375 seconds free.
30 patients reneged during their visit.
95 patients balked from the check in queue.
2169 patients were successfully vaccinated.
94.6 percent of patients were successfully vaccinated with 8 receptionists and 10 nurses working.


9 Receptionists | 1 Nurses
===========================================================
Nurses spent 71.21372046302059 seconds free.
Receptionists spent 277429.4174643811 seconds free.
1949 patients reneged during their visit.
71 patients balked from the check in queue.
258 patients were successfully vaccinated.
11.3 percent of patients were successfully vaccinated with 9 receptionists and 1 nurses working.


9 Receptionists | 2 Nurses
===========================================================
Nurses spent 128.38453951343703 seconds free.
Receptionists spent 276844.99171719386 seconds free.
1691 patients reneged during their visit.
98 patients balked from the check in queue.
527 patients were successfully vaccinated.
22.8 percent of patients were successfully vaccinated with 9 receptionists and 2 nurses working.


9 Receptionists | 3 Nurses
===========================================================
Nurses spent 523.3361519686423 seconds free.
Receptionists spent 276185.1206734599 seconds free.
1459 patients reneged during their visit.
96 patients balked from the check in queue.
771 patients were successfully vaccinated.
33.1 percent of patients were successfully vaccinated with 9 receptionists and 3 nurses working.


9 Receptionists | 4 Nurses
===========================================================
Nurses spent 633.3469670109828 seconds free.
Receptionists spent 274835.383746693 seconds free.
1161 patients reneged during their visit.
103 patients balked from the check in queue.
1032 patients were successfully vaccinated.
44.9 percent of patients were successfully vaccinated with 9 receptionists and 4 nurses working.


9 Receptionists | 5 Nurses
===========================================================
Nurses spent 1027.7315346598446 seconds free.
Receptionists spent 277131.1661271285 seconds free.
864 patients reneged during their visit.
81 patients balked from the check in queue.
1309 patients were successfully vaccinated.
58.1 percent of patients were successfully vaccinated with 9 receptionists and 5 nurses working.


9 Receptionists | 6 Nurses
===========================================================
Nurses spent 1106.454949937348 seconds free.
Receptionists spent 276620.8862483549 seconds free.
688 patients reneged during their visit.
88 patients balked from the check in queue.
1543 patients were successfully vaccinated.
66.5 percent of patients were successfully vaccinated with 9 receptionists and 6 nurses working.


9 Receptionists | 7 Nurses
===========================================================
Nurses spent 2271.502542034974 seconds free.
Receptionists spent 274985.53432055854 seconds free.
412 patients reneged during their visit.
100 patients balked from the check in queue.
1804 patients were successfully vaccinated.
77.9 percent of patients were successfully vaccinated with 9 receptionists and 7 nurses working.


9 Receptionists | 8 Nurses
===========================================================
Nurses spent 40143.52354552984 seconds free.
Receptionists spent 275452.67649794905 seconds free.
287 patients reneged during their visit.
85 patients balked from the check in queue.
1945 patients were successfully vaccinated.
83.9 percent of patients were successfully vaccinated with 9 receptionists and 8 nurses working.


9 Receptionists | 9 Nurses
===========================================================
Nurses spent 111050.94211518689 seconds free.
Receptionists spent 278383.65654114756 seconds free.
162 patients reneged during their visit.
87 patients balked from the check in queue.
2061 patients were successfully vaccinated.
89.2 percent of patients were successfully vaccinated with 9 receptionists and 9 nurses working.


9 Receptionists | 10 Nurses
===========================================================
Nurses spent 180424.56760402655 seconds free.
Receptionists spent 275586.5082541553 seconds free.
41 patients reneged during their visit.
87 patients balked from the check in queue.
2173 patients were successfully vaccinated.
94.4 percent of patients were successfully vaccinated with 9 receptionists and 10 nurses working.


10 Receptionists | 1 Nurses
===========================================================
Nurses spent 58.8614895207018 seconds free.
Receptionists spent 317327.20822582464 seconds free.
1962 patients reneged during their visit.
95 patients balked from the check in queue.
274 patients were successfully vaccinated.
11.8 percent of patients were successfully vaccinated with 10 receptionists and 1 nurses working.


10 Receptionists | 2 Nurses
===========================================================
Nurses spent 131.18860207677562 seconds free.
Receptionists spent 317621.0148655707 seconds free.
1725 patients reneged during their visit.
92 patients balked from the check in queue.
508 patients were successfully vaccinated.
21.8 percent of patients were successfully vaccinated with 10 receptionists and 2 nurses working.


10 Receptionists | 3 Nurses
===========================================================
Nurses spent 241.67180010238866 seconds free.
Receptionists spent 319175.9512613278 seconds free.
1438 patients reneged during their visit.
94 patients balked from the check in queue.
791 patients were successfully vaccinated.
34.1 percent of patients were successfully vaccinated with 10 receptionists and 3 nurses working.


10 Receptionists | 4 Nurses
===========================================================
Nurses spent 603.3970607252692 seconds free.
Receptionists spent 318720.9228979676 seconds free.
1197 patients reneged during their visit.
81 patients balked from the check in queue.
1037 patients were successfully vaccinated.
44.8 percent of patients were successfully vaccinated with 10 receptionists and 4 nurses working.


10 Receptionists | 5 Nurses
===========================================================
Nurses spent 809.971233464388 seconds free.
Receptionists spent 319523.03358100646 seconds free.
910 patients reneged during their visit.
95 patients balked from the check in queue.
1297 patients were successfully vaccinated.
56.3 percent of patients were successfully vaccinated with 10 receptionists and 5 nurses working.


10 Receptionists | 6 Nurses
===========================================================
Nurses spent 1182.0465426348146 seconds free.
Receptionists spent 317271.88342407404 seconds free.
643 patients reneged during their visit.
107 patients balked from the check in queue.
1587 patients were successfully vaccinated.
67.9 percent of patients were successfully vaccinated with 10 receptionists and 6 nurses working.


10 Receptionists | 7 Nurses
===========================================================
Nurses spent 2263.8391139937835 seconds free.
Receptionists spent 318916.3022120489 seconds free.
397 patients reneged during their visit.
97 patients balked from the check in queue.
1813 patients were successfully vaccinated.
78.6 percent of patients were successfully vaccinated with 10 receptionists and 7 nurses working.


10 Receptionists | 8 Nurses
===========================================================
Nurses spent 41590.661400189514 seconds free.
Receptionists spent 319758.289703073 seconds free.
260 patients reneged during their visit.
87 patients balked from the check in queue.
1925 patients were successfully vaccinated.
84.7 percent of patients were successfully vaccinated with 10 receptionists and 8 nurses working.


10 Receptionists | 9 Nurses
===========================================================
Nurses spent 95618.0410061416 seconds free.
Receptionists spent 317140.6411792471 seconds free.
142 patients reneged during their visit.
90 patients balked from the check in queue.
2065 patients were successfully vaccinated.
89.9 percent of patients were successfully vaccinated with 10 receptionists and 9 nurses working.


10 Receptionists | 10 Nurses
===========================================================
Nurses spent 183666.60442118265 seconds free.
Receptionists spent 317866.18120822724 seconds free.
77 patients reneged during their visit.
79 patients balked from the check in queue.
2160 patients were successfully vaccinated.
93.3 percent of patients were successfully vaccinated with 10 receptionists and 10 nurses working.


